<?xml version="1.0" encoding="UTF-8"?>
<testsuite xmlns:xsi="http://www.w3.org/2001/XMLSchema-instance" xsi:noNamespaceSchemaLocation="https://maven.apache.org/surefire/maven-surefire-plugin/xsd/surefire-test-report-3.0.xsd" version="3.0" name="PriorityQueueTest" time="0.102" tests="9" errors="0" skipped="0" failures="0">
  <properties>
    <property name="gopherProxySet" value="false"/>
    <property name="awt.toolkit" value="sun.lwawt.macosx.LWCToolkit"/>
    <property name="file.encoding.pkg" value="sun.io"/>
    <property name="java.specification.version" value="1.8"/>
    <property name="sun.cpu.isalist" value=""/>
    <property name="sun.jnu.encoding" value="UTF-8"/>
    <property name="java.class.path" value="/Users/charlie/Documents/lab3/target/test-classes:/Users/charlie/Documents/lab3/target/classes:/Users/charlie/.m2/repository/org/junit/jupiter/junit-jupiter/5.8.2/junit-jupiter-5.8.2.jar:/Users/charlie/.m2/repository/org/junit/jupiter/junit-jupiter-api/5.8.2/junit-jupiter-api-5.8.2.jar:/Users/charlie/.m2/repository/org/opentest4j/opentest4j/1.2.0/opentest4j-1.2.0.jar:/Users/charlie/.m2/repository/org/junit/platform/junit-platform-commons/1.8.2/junit-platform-commons-1.8.2.jar:/Users/charlie/.m2/repository/org/junit/jupiter/junit-jupiter-params/5.8.2/junit-jupiter-params-5.8.2.jar:/Users/charlie/.m2/repository/org/junit/jupiter/junit-jupiter-engine/5.8.2/junit-jupiter-engine-5.8.2.jar:/Users/charlie/.m2/repository/org/junit/platform/junit-platform-engine/1.8.2/junit-platform-engine-1.8.2.jar:/Users/charlie/.m2/repository/org/apiguardian/apiguardian-api/1.1.2/apiguardian-api-1.1.2.jar:"/>
    <property name="java.vm.vendor" value="Oracle Corporation"/>
    <property name="sun.arch.data.model" value="64"/>
    <property name="java.vendor.url" value="http://java.oracle.com/"/>
    <property name="user.timezone" value=""/>
    <property name="java.vm.specification.version" value="1.8"/>
    <property name="os.name" value="Mac OS X"/>
    <property name="user.country" value="TW"/>
    <property name="sun.java.launcher" value="SUN_STANDARD"/>
    <property name="sun.boot.library.path" value="/usr/local/lib/jvm/ibm-jdk-8/jre/lib"/>
    <property name="sun.java.command" value="/Users/charlie/Documents/lab3/target/surefire/surefirebooter3412858972102437335.jar /Users/charlie/Documents/lab3/target/surefire 2022-03-14T10-23-08_822-jvmRun1 surefire1894547567122876881tmp surefire_06134377540087782717tmp"/>
    <property name="surefire.test.class.path" value="/Users/charlie/Documents/lab3/target/test-classes:/Users/charlie/Documents/lab3/target/classes:/Users/charlie/.m2/repository/org/junit/jupiter/junit-jupiter/5.8.2/junit-jupiter-5.8.2.jar:/Users/charlie/.m2/repository/org/junit/jupiter/junit-jupiter-api/5.8.2/junit-jupiter-api-5.8.2.jar:/Users/charlie/.m2/repository/org/opentest4j/opentest4j/1.2.0/opentest4j-1.2.0.jar:/Users/charlie/.m2/repository/org/junit/platform/junit-platform-commons/1.8.2/junit-platform-commons-1.8.2.jar:/Users/charlie/.m2/repository/org/junit/jupiter/junit-jupiter-params/5.8.2/junit-jupiter-params-5.8.2.jar:/Users/charlie/.m2/repository/org/junit/jupiter/junit-jupiter-engine/5.8.2/junit-jupiter-engine-5.8.2.jar:/Users/charlie/.m2/repository/org/junit/platform/junit-platform-engine/1.8.2/junit-platform-engine-1.8.2.jar:/Users/charlie/.m2/repository/org/apiguardian/apiguardian-api/1.1.2/apiguardian-api-1.1.2.jar:"/>
    <property name="sun.cpu.endian" value="little"/>
    <property name="user.home" value="/Users/charlie"/>
    <property name="user.language" value="zh"/>
    <property name="java.specification.vendor" value="Oracle Corporation"/>
    <property name="java.home" value="/usr/local/lib/jvm/ibm-jdk-8/jre"/>
    <property name="basedir" value="/Users/charlie/Documents/lab3"/>
    <property name="file.separator" value="/"/>
    <property name="line.separator" value="&#10;"/>
    <property name="java.vm.specification.vendor" value="Oracle Corporation"/>
    <property name="java.specification.name" value="Java Platform API Specification"/>
    <property name="java.awt.graphicsenv" value="sun.awt.CGraphicsEnvironment"/>
    <property name="surefire.real.class.path" value="/Users/charlie/Documents/lab3/target/surefire/surefirebooter3412858972102437335.jar"/>
    <property name="sun.boot.class.path" value="/usr/local/lib/jvm/ibm-jdk-8/jre/lib/endorsed/ibmjcefw.jar:/usr/local/lib/jvm/ibm-jdk-8/jre/lib/endorsed/ibmsaslfw.jar:/usr/local/lib/jvm/ibm-jdk-8/jre/lib/endorsed/ibmcertpathprovider.jar:/usr/local/lib/jvm/ibm-jdk-8/jre/lib/endorsed/ibmcertpathfw.jar:/usr/local/lib/jvm/ibm-jdk-8/jre/lib/endorsed/ibmjsseprovider2.jar:/usr/local/lib/jvm/ibm-jdk-8/jre/lib/endorsed/xml.jar:/usr/local/lib/jvm/ibm-jdk-8/jre/lib/endorsed/ibmorbapi.jar:/usr/local/lib/jvm/ibm-jdk-8/jre/lib/endorsed/ibmorb.jar:/usr/local/lib/jvm/ibm-jdk-8/jre/lib/endorsed/ibmjssefw.jar:/usr/local/lib/jvm/ibm-jdk-8/jre/lib/endorsed/ibmsecurity.jar:/usr/local/lib/jvm/ibm-jdk-8/jre/lib/endorsed/ibmpkcs.jar:/usr/local/lib/jvm/ibm-jdk-8/jre/lib/endorsed/ibmcfw.jar:/usr/local/lib/jvm/ibm-jdk-8/jre/lib/endorsed/ibmjgssfw.jar:/usr/local/lib/jvm/ibm-jdk-8/jre/lib/endorsed/ibmjgssprovider.jar:/usr/local/lib/jvm/ibm-jdk-8/jre/lib/endorsed/ibmext.jar:/usr/local/lib/jvm/ibm-jdk-8/jre/lib/resources.jar:/usr/local/lib/jvm/ibm-jdk-8/jre/lib/rt.jar:/usr/local/lib/jvm/ibm-jdk-8/jre/lib/sunrsasign.jar:/usr/local/lib/jvm/ibm-jdk-8/jre/lib/jsse.jar:/usr/local/lib/jvm/ibm-jdk-8/jre/lib/jce.jar:/usr/local/lib/jvm/ibm-jdk-8/jre/lib/charsets.jar:/usr/local/lib/jvm/ibm-jdk-8/jre/lib/jfr.jar:/usr/local/lib/jvm/ibm-jdk-8/jre/classes"/>
    <property name="sun.management.compiler" value="HotSpot 64-Bit Tiered Compilers"/>
    <property name="java.runtime.version" value="1.8.0_121-b13 14_Feb_2017_06_58 Mac OS X x64(SR4 FP1)"/>
    <property name="user.name" value="charlie"/>
    <property name="path.separator" value=":"/>
    <property name="os.version" value="10.16"/>
    <property name="java.endorsed.dirs" value="/usr/local/lib/jvm/ibm-jdk-8/jre/lib/endorsed"/>
    <property name="java.runtime.name" value="Java(TM) 2 Runtime Environment, Standard Edition"/>
    <property name="file.encoding" value="UTF-8"/>
    <property name="java.vm.name" value="Java HotSpot(TM) 64-Bit Server VM"/>
    <property name="localRepository" value="/Users/charlie/.m2/repository"/>
    <property name="java.vendor.url.bug" value="http://bugreport.sun.com/bugreport/"/>
    <property name="java.io.tmpdir" value="/var/folders/22/_45x05ns2_96nwgl315_vpyc0000gn/T/"/>
    <property name="java.version" value="1.8.0_121"/>
    <property name="user.dir" value="/Users/charlie/Documents/lab3"/>
    <property name="os.arch" value="x86_64"/>
    <property name="java.vm.specification.name" value="Java Virtual Machine Specification"/>
    <property name="java.awt.printerjob" value="sun.lwawt.macosx.CPrinterJob"/>
    <property name="sun.os.patch.level" value="unknown"/>
    <property name="java.library.path" value="/Users/charlie/Library/Java/Extensions:/Library/Java/Extensions:/Network/Library/Java/Extensions:/System/Library/Java/Extensions:/usr/lib/java:."/>
    <property name="java.vm.info" value="mixed mode"/>
    <property name="java.vendor" value="Oracle Corporation"/>
    <property name="java.vm.version" value="25.121-b13"/>
    <property name="java.ext.dirs" value="/Users/charlie/Library/Java/Extensions:/usr/local/lib/jvm/ibm-jdk-8/jre/lib/ext:/Library/Java/Extensions:/Network/Library/Java/Extensions:/System/Library/Java/Extensions:/usr/lib/java"/>
    <property name="sun.io.unicode.encoding" value="UnicodeBig"/>
    <property name="java.class.version" value="52.0"/>
  </properties>
  <testcase name="TestPriorityQueue(int[], int[])[1]" classname="PriorityQueueTest" time="0.044"/>
  <testcase name="TestPriorityQueue(int[], int[])[2]" classname="PriorityQueueTest" time="0.001"/>
  <testcase name="TestPriorityQueue(int[], int[])[3]" classname="PriorityQueueTest" time="0.001"/>
  <testcase name="TestPriorityQueue(int[], int[])[4]" classname="PriorityQueueTest" time="0.001"/>
  <testcase name="TestPriorityQueue(int[], int[])[5]" classname="PriorityQueueTest" time="0.001"/>
  <testcase name="TestPriorityQueue(int[], int[])[6]" classname="PriorityQueueTest" time="0.001"/>
  <testcase name="whenExceptionThrown_thenOfferNull" classname="PriorityQueueTest" time="0.002"/>
  <testcase name="whenExceptionThrown_thenCannotCastDifferentObject" classname="PriorityQueueTest" time="0.001"/>
  <testcase name="whenExceptionThrown_thenInitialCapacityNotGreaterThenOne" classname="PriorityQueueTest" time="0.001"/>
</testsuite>